<?xml version="1.0" encoding="UTF-8"?>
<testsuite xmlns:xsi="http://www.w3.org/2001/XMLSchema-instance" xsi:noNamespaceSchemaLocation="https://maven.apache.org/surefire/maven-surefire-plugin/xsd/surefire-test-report.xsd" name="com.in28minutes.rest.webservices.restfulwebservices.RestfulWebServicesApplicationTests" time="20.876" tests="1" errors="0" skipped="0" failures="0">
  <properties>
    <property name="sun.desktop" value="windows"/>
    <property name="awt.toolkit" value="sun.awt.windows.WToolkit"/>
    <property name="file.encoding.pkg" value="sun.io"/>
    <property name="java.specification.version" value="1.8"/>
    <property name="sun.cpu.isalist" value="amd64"/>
    <property name="sun.jnu.encoding" value="Cp1252"/>
    <property name="java.class.path" value="C:\Users\710352\Desktop\AWS\deploy-spring-boot-aws-eb\spring-boot-todo-rest-api-h2-aws-codepipeline\target\test-classes;C:\Users\710352\Desktop\AWS\deploy-spring-boot-aws-eb\spring-boot-todo-rest-api-h2-aws-codepipeline\target\classes;C:\Users\710352\Desktop\kundan\org\springframework\boot\spring-boot-starter-data-jpa\2.1.0.RELEASE\spring-boot-starter-data-jpa-2.1.0.RELEASE.jar;C:\Users\710352\Desktop\kundan\org\springframework\boot\spring-boot-starter-aop\2.1.0.RELEASE\spring-boot-starter-aop-2.1.0.RELEASE.jar;C:\Users\710352\Desktop\kundan\org\springframework\spring-aop\5.1.2.RELEASE\spring-aop-5.1.2.RELEASE.jar;C:\Users\710352\Desktop\kundan\org\aspectj\aspectjweaver\1.9.2\aspectjweaver-1.9.2.jar;C:\Users\710352\Desktop\kundan\org\springframework\boot\spring-boot-starter-jdbc\2.1.0.RELEASE\spring-boot-starter-jdbc-2.1.0.RELEASE.jar;C:\Users\710352\Desktop\kundan\com\zaxxer\HikariCP\3.2.0\HikariCP-3.2.0.jar;C:\Users\710352\Desktop\kundan\org\springframework\spring-jdbc\5.1.2.RELEASE\spring-jdbc-5.1.2.RELEASE.jar;C:\Users\710352\Desktop\kundan\javax\transaction\javax.transaction-api\1.3\javax.transaction-api-1.3.jar;C:\Users\710352\Desktop\kundan\org\hibernate\hibernate-core\5.3.7.Final\hibernate-core-5.3.7.Final.jar;C:\Users\710352\Desktop\kundan\org\jboss\logging\jboss-logging\3.3.2.Final\jboss-logging-3.3.2.Final.jar;C:\Users\710352\Desktop\kundan\javax\persistence\javax.persistence-api\2.2\javax.persistence-api-2.2.jar;C:\Users\710352\Desktop\kundan\org\javassist\javassist\3.23.1-GA\javassist-3.23.1-GA.jar;C:\Users\710352\Desktop\kundan\net\bytebuddy\byte-buddy\1.9.3\byte-buddy-1.9.3.jar;C:\Users\710352\Desktop\kundan\antlr\antlr\2.7.7\antlr-2.7.7.jar;C:\Users\710352\Desktop\kundan\org\jboss\jandex\2.0.5.Final\jandex-2.0.5.Final.jar;C:\Users\710352\Desktop\kundan\com\fasterxml\classmate\1.4.0\classmate-1.4.0.jar;C:\Users\710352\Desktop\kundan\javax\activation\javax.activation-api\1.2.0\javax.activation-api-1.2.0.jar;C:\Users\710352\Desktop\kundan\org\dom4j\dom4j\2.1.1\dom4j-2.1.1.jar;C:\Users\710352\Desktop\kundan\org\hibernate\common\hibernate-commons-annotations\5.0.4.Final\hibernate-commons-annotations-5.0.4.Final.jar;C:\Users\710352\Desktop\kundan\org\springframework\data\spring-data-jpa\2.1.2.RELEASE\spring-data-jpa-2.1.2.RELEASE.jar;C:\Users\710352\Desktop\kundan\org\springframework\data\spring-data-commons\2.1.2.RELEASE\spring-data-commons-2.1.2.RELEASE.jar;C:\Users\710352\Desktop\kundan\org\springframework\spring-orm\5.1.2.RELEASE\spring-orm-5.1.2.RELEASE.jar;C:\Users\710352\Desktop\kundan\org\springframework\spring-context\5.1.2.RELEASE\spring-context-5.1.2.RELEASE.jar;C:\Users\710352\Desktop\kundan\org\springframework\spring-tx\5.1.2.RELEASE\spring-tx-5.1.2.RELEASE.jar;C:\Users\710352\Desktop\kundan\org\springframework\spring-beans\5.1.2.RELEASE\spring-beans-5.1.2.RELEASE.jar;C:\Users\710352\Desktop\kundan\org\slf4j\slf4j-api\1.7.25\slf4j-api-1.7.25.jar;C:\Users\710352\Desktop\kundan\org\springframework\spring-aspects\5.1.2.RELEASE\spring-aspects-5.1.2.RELEASE.jar;C:\Users\710352\Desktop\kundan\org\springframework\boot\spring-boot-starter-web\2.1.0.RELEASE\spring-boot-starter-web-2.1.0.RELEASE.jar;C:\Users\710352\Desktop\kundan\org\springframework\boot\spring-boot-starter\2.1.0.RELEASE\spring-boot-starter-2.1.0.RELEASE.jar;C:\Users\710352\Desktop\kundan\org\springframework\boot\spring-boot-starter-logging\2.1.0.RELEASE\spring-boot-starter-logging-2.1.0.RELEASE.jar;C:\Users\710352\Desktop\kundan\ch\qos\logback\logback-classic\1.2.3\logback-classic-1.2.3.jar;C:\Users\710352\Desktop\kundan\ch\qos\logback\logback-core\1.2.3\logback-core-1.2.3.jar;C:\Users\710352\Desktop\kundan\org\apache\logging\log4j\log4j-to-slf4j\2.11.1\log4j-to-slf4j-2.11.1.jar;C:\Users\710352\Desktop\kundan\org\apache\logging\log4j\log4j-api\2.11.1\log4j-api-2.11.1.jar;C:\Users\710352\Desktop\kundan\org\slf4j\jul-to-slf4j\1.7.25\jul-to-slf4j-1.7.25.jar;C:\Users\710352\Desktop\kundan\javax\annotation\javax.annotation-api\1.3.2\javax.annotation-api-1.3.2.jar;C:\Users\710352\Desktop\kundan\org\yaml\snakeyaml\1.23\snakeyaml-1.23.jar;C:\Users\710352\Desktop\kundan\org\springframework\boot\spring-boot-starter-json\2.1.0.RELEASE\spring-boot-starter-json-2.1.0.RELEASE.jar;C:\Users\710352\Desktop\kundan\com\fasterxml\jackson\core\jackson-databind\2.9.7\jackson-databind-2.9.7.jar;C:\Users\710352\Desktop\kundan\com\fasterxml\jackson\core\jackson-annotations\2.9.0\jackson-annotations-2.9.0.jar;C:\Users\710352\Desktop\kundan\com\fasterxml\jackson\core\jackson-core\2.9.7\jackson-core-2.9.7.jar;C:\Users\710352\Desktop\kundan\com\fasterxml\jackson\datatype\jackson-datatype-jdk8\2.9.7\jackson-datatype-jdk8-2.9.7.jar;C:\Users\710352\Desktop\kundan\com\fasterxml\jackson\datatype\jackson-datatype-jsr310\2.9.7\jackson-datatype-jsr310-2.9.7.jar;C:\Users\710352\Desktop\kundan\com\fasterxml\jackson\module\jackson-module-parameter-names\2.9.7\jackson-module-parameter-names-2.9.7.jar;C:\Users\710352\Desktop\kundan\org\springframework\boot\spring-boot-starter-tomcat\2.1.0.RELEASE\spring-boot-starter-tomcat-2.1.0.RELEASE.jar;C:\Users\710352\Desktop\kundan\org\apache\tomcat\embed\tomcat-embed-core\9.0.12\tomcat-embed-core-9.0.12.jar;C:\Users\710352\Desktop\kundan\org\apache\tomcat\embed\tomcat-embed-el\9.0.12\tomcat-embed-el-9.0.12.jar;C:\Users\710352\Desktop\kundan\org\apache\tomcat\embed\tomcat-embed-websocket\9.0.12\tomcat-embed-websocket-9.0.12.jar;C:\Users\710352\Desktop\kundan\org\hibernate\validator\hibernate-validator\6.0.13.Final\hibernate-validator-6.0.13.Final.jar;C:\Users\710352\Desktop\kundan\javax\validation\validation-api\2.0.1.Final\validation-api-2.0.1.Final.jar;C:\Users\710352\Desktop\kundan\org\springframework\spring-web\5.1.2.RELEASE\spring-web-5.1.2.RELEASE.jar;C:\Users\710352\Desktop\kundan\org\springframework\spring-webmvc\5.1.2.RELEASE\spring-webmvc-5.1.2.RELEASE.jar;C:\Users\710352\Desktop\kundan\org\springframework\spring-expression\5.1.2.RELEASE\spring-expression-5.1.2.RELEASE.jar;C:\Users\710352\Desktop\kundan\org\springframework\boot\spring-boot-devtools\2.1.0.RELEASE\spring-boot-devtools-2.1.0.RELEASE.jar;C:\Users\710352\Desktop\kundan\org\springframework\boot\spring-boot\2.1.0.RELEASE\spring-boot-2.1.0.RELEASE.jar;C:\Users\710352\Desktop\kundan\org\springframework\boot\spring-boot-autoconfigure\2.1.0.RELEASE\spring-boot-autoconfigure-2.1.0.RELEASE.jar;C:\Users\710352\Desktop\kundan\com\h2database\h2\1.4.197\h2-1.4.197.jar;C:\Users\710352\Desktop\kundan\javax\xml\bind\jaxb-api\2.3.0\jaxb-api-2.3.0.jar;C:\Users\710352\Desktop\kundan\com\sun\xml\bind\jaxb-impl\2.3.0\jaxb-impl-2.3.0.jar;C:\Users\710352\Desktop\kundan\org\glassfish\jaxb\jaxb-runtime\2.3.0\jaxb-runtime-2.3.0.jar;C:\Users\710352\Desktop\kundan\org\glassfish\jaxb\jaxb-core\2.3.0\jaxb-core-2.3.0.jar;C:\Users\710352\Desktop\kundan\org\glassfish\jaxb\txw2\2.3.0\txw2-2.3.0.jar;C:\Users\710352\Desktop\kundan\com\sun\istack\istack-commons-runtime\3.0.5\istack-commons-runtime-3.0.5.jar;C:\Users\710352\Desktop\kundan\org\jvnet\staxex\stax-ex\1.7.8\stax-ex-1.7.8.jar;C:\Users\710352\Desktop\kundan\com\sun\xml\fastinfoset\FastInfoset\1.2.13\FastInfoset-1.2.13.jar;C:\Users\710352\Desktop\kundan\javax\activation\activation\1.1.1\activation-1.1.1.jar;C:\Users\710352\Desktop\kundan\org\springframework\boot\spring-boot-starter-test\2.1.0.RELEASE\spring-boot-starter-test-2.1.0.RELEASE.jar;C:\Users\710352\Desktop\kundan\org\springframework\boot\spring-boot-test\2.1.0.RELEASE\spring-boot-test-2.1.0.RELEASE.jar;C:\Users\710352\Desktop\kundan\org\springframework\boot\spring-boot-test-autoconfigure\2.1.0.RELEASE\spring-boot-test-autoconfigure-2.1.0.RELEASE.jar;C:\Users\710352\Desktop\kundan\com\jayway\jsonpath\json-path\2.4.0\json-path-2.4.0.jar;C:\Users\710352\Desktop\kundan\net\minidev\json-smart\2.3\json-smart-2.3.jar;C:\Users\710352\Desktop\kundan\net\minidev\accessors-smart\1.2\accessors-smart-1.2.jar;C:\Users\710352\Desktop\kundan\org\ow2\asm\asm\5.0.4\asm-5.0.4.jar;C:\Users\710352\Desktop\kundan\junit\junit\4.12\junit-4.12.jar;C:\Users\710352\Desktop\kundan\org\assertj\assertj-core\3.11.1\assertj-core-3.11.1.jar;C:\Users\710352\Desktop\kundan\org\mockito\mockito-core\2.23.0\mockito-core-2.23.0.jar;C:\Users\710352\Desktop\kundan\net\bytebuddy\byte-buddy-agent\1.9.3\byte-buddy-agent-1.9.3.jar;C:\Users\710352\Desktop\kundan\org\objenesis\objenesis\2.6\objenesis-2.6.jar;C:\Users\710352\Desktop\kundan\org\hamcrest\hamcrest-core\1.3\hamcrest-core-1.3.jar;C:\Users\710352\Desktop\kundan\org\hamcrest\hamcrest-library\1.3\hamcrest-library-1.3.jar;C:\Users\710352\Desktop\kundan\org\skyscreamer\jsonassert\1.5.0\jsonassert-1.5.0.jar;C:\Users\710352\Desktop\kundan\com\vaadin\external\google\android-json\0.0.20131108.vaadin1\android-json-0.0.20131108.vaadin1.jar;C:\Users\710352\Desktop\kundan\org\springframework\spring-core\5.1.2.RELEASE\spring-core-5.1.2.RELEASE.jar;C:\Users\710352\Desktop\kundan\org\springframework\spring-jcl\5.1.2.RELEASE\spring-jcl-5.1.2.RELEASE.jar;C:\Users\710352\Desktop\kundan\org\springframework\spring-test\5.1.2.RELEASE\spring-test-5.1.2.RELEASE.jar;C:\Users\710352\Desktop\kundan\org\xmlunit\xmlunit-core\2.6.2\xmlunit-core-2.6.2.jar;"/>
    <property name="java.vm.vendor" value="Oracle Corporation"/>
    <property name="sun.arch.data.model" value="64"/>
    <property name="user.variant" value=""/>
    <property name="java.vendor.url" value="http://java.oracle.com/"/>
    <property name="user.timezone" value="Asia/Calcutta"/>
    <property name="java.vm.specification.version" value="1.8"/>
    <property name="os.name" value="Windows 10"/>
    <property name="user.country" value="US"/>
    <property name="sun.java.launcher" value="SUN_STANDARD"/>
    <property name="sun.boot.library.path" value="C:\Program Files\Java\jdk1.8.0_151\jre\bin"/>
    <property name="sun.java.command" value="C:\Users\710352\AppData\Local\Temp\surefire8209970065428221671\surefirebooter3827800362372890357.jar C:\Users\710352\AppData\Local\Temp\surefire8209970065428221671 2019-08-14T17-35-51_104-jvmRun1 surefire359162744031201187tmp surefire_04781147138254739567tmp"/>
    <property name="surefire.test.class.path" value="C:\Users\710352\Desktop\AWS\deploy-spring-boot-aws-eb\spring-boot-todo-rest-api-h2-aws-codepipeline\target\test-classes;C:\Users\710352\Desktop\AWS\deploy-spring-boot-aws-eb\spring-boot-todo-rest-api-h2-aws-codepipeline\target\classes;C:\Users\710352\Desktop\kundan\org\springframework\boot\spring-boot-starter-data-jpa\2.1.0.RELEASE\spring-boot-starter-data-jpa-2.1.0.RELEASE.jar;C:\Users\710352\Desktop\kundan\org\springframework\boot\spring-boot-starter-aop\2.1.0.RELEASE\spring-boot-starter-aop-2.1.0.RELEASE.jar;C:\Users\710352\Desktop\kundan\org\springframework\spring-aop\5.1.2.RELEASE\spring-aop-5.1.2.RELEASE.jar;C:\Users\710352\Desktop\kundan\org\aspectj\aspectjweaver\1.9.2\aspectjweaver-1.9.2.jar;C:\Users\710352\Desktop\kundan\org\springframework\boot\spring-boot-starter-jdbc\2.1.0.RELEASE\spring-boot-starter-jdbc-2.1.0.RELEASE.jar;C:\Users\710352\Desktop\kundan\com\zaxxer\HikariCP\3.2.0\HikariCP-3.2.0.jar;C:\Users\710352\Desktop\kundan\org\springframework\spring-jdbc\5.1.2.RELEASE\spring-jdbc-5.1.2.RELEASE.jar;C:\Users\710352\Desktop\kundan\javax\transaction\javax.transaction-api\1.3\javax.transaction-api-1.3.jar;C:\Users\710352\Desktop\kundan\org\hibernate\hibernate-core\5.3.7.Final\hibernate-core-5.3.7.Final.jar;C:\Users\710352\Desktop\kundan\org\jboss\logging\jboss-logging\3.3.2.Final\jboss-logging-3.3.2.Final.jar;C:\Users\710352\Desktop\kundan\javax\persistence\javax.persistence-api\2.2\javax.persistence-api-2.2.jar;C:\Users\710352\Desktop\kundan\org\javassist\javassist\3.23.1-GA\javassist-3.23.1-GA.jar;C:\Users\710352\Desktop\kundan\net\bytebuddy\byte-buddy\1.9.3\byte-buddy-1.9.3.jar;C:\Users\710352\Desktop\kundan\antlr\antlr\2.7.7\antlr-2.7.7.jar;C:\Users\710352\Desktop\kundan\org\jboss\jandex\2.0.5.Final\jandex-2.0.5.Final.jar;C:\Users\710352\Desktop\kundan\com\fasterxml\classmate\1.4.0\classmate-1.4.0.jar;C:\Users\710352\Desktop\kundan\javax\activation\javax.activation-api\1.2.0\javax.activation-api-1.2.0.jar;C:\Users\710352\Desktop\kundan\org\dom4j\dom4j\2.1.1\dom4j-2.1.1.jar;C:\Users\710352\Desktop\kundan\org\hibernate\common\hibernate-commons-annotations\5.0.4.Final\hibernate-commons-annotations-5.0.4.Final.jar;C:\Users\710352\Desktop\kundan\org\springframework\data\spring-data-jpa\2.1.2.RELEASE\spring-data-jpa-2.1.2.RELEASE.jar;C:\Users\710352\Desktop\kundan\org\springframework\data\spring-data-commons\2.1.2.RELEASE\spring-data-commons-2.1.2.RELEASE.jar;C:\Users\710352\Desktop\kundan\org\springframework\spring-orm\5.1.2.RELEASE\spring-orm-5.1.2.RELEASE.jar;C:\Users\710352\Desktop\kundan\org\springframework\spring-context\5.1.2.RELEASE\spring-context-5.1.2.RELEASE.jar;C:\Users\710352\Desktop\kundan\org\springframework\spring-tx\5.1.2.RELEASE\spring-tx-5.1.2.RELEASE.jar;C:\Users\710352\Desktop\kundan\org\springframework\spring-beans\5.1.2.RELEASE\spring-beans-5.1.2.RELEASE.jar;C:\Users\710352\Desktop\kundan\org\slf4j\slf4j-api\1.7.25\slf4j-api-1.7.25.jar;C:\Users\710352\Desktop\kundan\org\springframework\spring-aspects\5.1.2.RELEASE\spring-aspects-5.1.2.RELEASE.jar;C:\Users\710352\Desktop\kundan\org\springframework\boot\spring-boot-starter-web\2.1.0.RELEASE\spring-boot-starter-web-2.1.0.RELEASE.jar;C:\Users\710352\Desktop\kundan\org\springframework\boot\spring-boot-starter\2.1.0.RELEASE\spring-boot-starter-2.1.0.RELEASE.jar;C:\Users\710352\Desktop\kundan\org\springframework\boot\spring-boot-starter-logging\2.1.0.RELEASE\spring-boot-starter-logging-2.1.0.RELEASE.jar;C:\Users\710352\Desktop\kundan\ch\qos\logback\logback-classic\1.2.3\logback-classic-1.2.3.jar;C:\Users\710352\Desktop\kundan\ch\qos\logback\logback-core\1.2.3\logback-core-1.2.3.jar;C:\Users\710352\Desktop\kundan\org\apache\logging\log4j\log4j-to-slf4j\2.11.1\log4j-to-slf4j-2.11.1.jar;C:\Users\710352\Desktop\kundan\org\apache\logging\log4j\log4j-api\2.11.1\log4j-api-2.11.1.jar;C:\Users\710352\Desktop\kundan\org\slf4j\jul-to-slf4j\1.7.25\jul-to-slf4j-1.7.25.jar;C:\Users\710352\Desktop\kundan\javax\annotation\javax.annotation-api\1.3.2\javax.annotation-api-1.3.2.jar;C:\Users\710352\Desktop\kundan\org\yaml\snakeyaml\1.23\snakeyaml-1.23.jar;C:\Users\710352\Desktop\kundan\org\springframework\boot\spring-boot-starter-json\2.1.0.RELEASE\spring-boot-starter-json-2.1.0.RELEASE.jar;C:\Users\710352\Desktop\kundan\com\fasterxml\jackson\core\jackson-databind\2.9.7\jackson-databind-2.9.7.jar;C:\Users\710352\Desktop\kundan\com\fasterxml\jackson\core\jackson-annotations\2.9.0\jackson-annotations-2.9.0.jar;C:\Users\710352\Desktop\kundan\com\fasterxml\jackson\core\jackson-core\2.9.7\jackson-core-2.9.7.jar;C:\Users\710352\Desktop\kundan\com\fasterxml\jackson\datatype\jackson-datatype-jdk8\2.9.7\jackson-datatype-jdk8-2.9.7.jar;C:\Users\710352\Desktop\kundan\com\fasterxml\jackson\datatype\jackson-datatype-jsr310\2.9.7\jackson-datatype-jsr310-2.9.7.jar;C:\Users\710352\Desktop\kundan\com\fasterxml\jackson\module\jackson-module-parameter-names\2.9.7\jackson-module-parameter-names-2.9.7.jar;C:\Users\710352\Desktop\kundan\org\springframework\boot\spring-boot-starter-tomcat\2.1.0.RELEASE\spring-boot-starter-tomcat-2.1.0.RELEASE.jar;C:\Users\710352\Desktop\kundan\org\apache\tomcat\embed\tomcat-embed-core\9.0.12\tomcat-embed-core-9.0.12.jar;C:\Users\710352\Desktop\kundan\org\apache\tomcat\embed\tomcat-embed-el\9.0.12\tomcat-embed-el-9.0.12.jar;C:\Users\710352\Desktop\kundan\org\apache\tomcat\embed\tomcat-embed-websocket\9.0.12\tomcat-embed-websocket-9.0.12.jar;C:\Users\710352\Desktop\kundan\org\hibernate\validator\hibernate-validator\6.0.13.Final\hibernate-validator-6.0.13.Final.jar;C:\Users\710352\Desktop\kundan\javax\validation\validation-api\2.0.1.Final\validation-api-2.0.1.Final.jar;C:\Users\710352\Desktop\kundan\org\springframework\spring-web\5.1.2.RELEASE\spring-web-5.1.2.RELEASE.jar;C:\Users\710352\Desktop\kundan\org\springframework\spring-webmvc\5.1.2.RELEASE\spring-webmvc-5.1.2.RELEASE.jar;C:\Users\710352\Desktop\kundan\org\springframework\spring-expression\5.1.2.RELEASE\spring-expression-5.1.2.RELEASE.jar;C:\Users\710352\Desktop\kundan\org\springframework\boot\spring-boot-devtools\2.1.0.RELEASE\spring-boot-devtools-2.1.0.RELEASE.jar;C:\Users\710352\Desktop\kundan\org\springframework\boot\spring-boot\2.1.0.RELEASE\spring-boot-2.1.0.RELEASE.jar;C:\Users\710352\Desktop\kundan\org\springframework\boot\spring-boot-autoconfigure\2.1.0.RELEASE\spring-boot-autoconfigure-2.1.0.RELEASE.jar;C:\Users\710352\Desktop\kundan\com\h2database\h2\1.4.197\h2-1.4.197.jar;C:\Users\710352\Desktop\kundan\javax\xml\bind\jaxb-api\2.3.0\jaxb-api-2.3.0.jar;C:\Users\710352\Desktop\kundan\com\sun\xml\bind\jaxb-impl\2.3.0\jaxb-impl-2.3.0.jar;C:\Users\710352\Desktop\kundan\org\glassfish\jaxb\jaxb-runtime\2.3.0\jaxb-runtime-2.3.0.jar;C:\Users\710352\Desktop\kundan\org\glassfish\jaxb\jaxb-core\2.3.0\jaxb-core-2.3.0.jar;C:\Users\710352\Desktop\kundan\org\glassfish\jaxb\txw2\2.3.0\txw2-2.3.0.jar;C:\Users\710352\Desktop\kundan\com\sun\istack\istack-commons-runtime\3.0.5\istack-commons-runtime-3.0.5.jar;C:\Users\710352\Desktop\kundan\org\jvnet\staxex\stax-ex\1.7.8\stax-ex-1.7.8.jar;C:\Users\710352\Desktop\kundan\com\sun\xml\fastinfoset\FastInfoset\1.2.13\FastInfoset-1.2.13.jar;C:\Users\710352\Desktop\kundan\javax\activation\activation\1.1.1\activation-1.1.1.jar;C:\Users\710352\Desktop\kundan\org\springframework\boot\spring-boot-starter-test\2.1.0.RELEASE\spring-boot-starter-test-2.1.0.RELEASE.jar;C:\Users\710352\Desktop\kundan\org\springframework\boot\spring-boot-test\2.1.0.RELEASE\spring-boot-test-2.1.0.RELEASE.jar;C:\Users\710352\Desktop\kundan\org\springframework\boot\spring-boot-test-autoconfigure\2.1.0.RELEASE\spring-boot-test-autoconfigure-2.1.0.RELEASE.jar;C:\Users\710352\Desktop\kundan\com\jayway\jsonpath\json-path\2.4.0\json-path-2.4.0.jar;C:\Users\710352\Desktop\kundan\net\minidev\json-smart\2.3\json-smart-2.3.jar;C:\Users\710352\Desktop\kundan\net\minidev\accessors-smart\1.2\accessors-smart-1.2.jar;C:\Users\710352\Desktop\kundan\org\ow2\asm\asm\5.0.4\asm-5.0.4.jar;C:\Users\710352\Desktop\kundan\junit\junit\4.12\junit-4.12.jar;C:\Users\710352\Desktop\kundan\org\assertj\assertj-core\3.11.1\assertj-core-3.11.1.jar;C:\Users\710352\Desktop\kundan\org\mockito\mockito-core\2.23.0\mockito-core-2.23.0.jar;C:\Users\710352\Desktop\kundan\net\bytebuddy\byte-buddy-agent\1.9.3\byte-buddy-agent-1.9.3.jar;C:\Users\710352\Desktop\kundan\org\objenesis\objenesis\2.6\objenesis-2.6.jar;C:\Users\710352\Desktop\kundan\org\hamcrest\hamcrest-core\1.3\hamcrest-core-1.3.jar;C:\Users\710352\Desktop\kundan\org\hamcrest\hamcrest-library\1.3\hamcrest-library-1.3.jar;C:\Users\710352\Desktop\kundan\org\skyscreamer\jsonassert\1.5.0\jsonassert-1.5.0.jar;C:\Users\710352\Desktop\kundan\com\vaadin\external\google\android-json\0.0.20131108.vaadin1\android-json-0.0.20131108.vaadin1.jar;C:\Users\710352\Desktop\kundan\org\springframework\spring-core\5.1.2.RELEASE\spring-core-5.1.2.RELEASE.jar;C:\Users\710352\Desktop\kundan\org\springframework\spring-jcl\5.1.2.RELEASE\spring-jcl-5.1.2.RELEASE.jar;C:\Users\710352\Desktop\kundan\org\springframework\spring-test\5.1.2.RELEASE\spring-test-5.1.2.RELEASE.jar;C:\Users\710352\Desktop\kundan\org\xmlunit\xmlunit-core\2.6.2\xmlunit-core-2.6.2.jar;"/>
    <property name="sun.cpu.endian" value="little"/>
    <property name="user.home" value="C:\Users\710352"/>
    <property name="user.language" value="en"/>
    <property name="java.specification.vendor" value="Oracle Corporation"/>
    <property name="java.home" value="C:\Program Files\Java\jdk1.8.0_151\jre"/>
    <property name="basedir" value="C:\Users\710352\Desktop\AWS\deploy-spring-boot-aws-eb\spring-boot-todo-rest-api-h2-aws-codepipeline"/>
    <property name="file.separator" value="\"/>
    <property name="line.separator" value="&#10;"/>
    <property name="java.vm.specification.vendor" value="Oracle Corporation"/>
    <property name="java.specification.name" value="Java Platform API Specification"/>
    <property name="java.awt.graphicsenv" value="sun.awt.Win32GraphicsEnvironment"/>
    <property name="surefire.real.class.path" value="C:\Users\710352\AppData\Local\Temp\surefire8209970065428221671\surefirebooter3827800362372890357.jar"/>
    <property name="sun.boot.class.path" value="C:\Program Files\Java\jdk1.8.0_151\jre\lib\resources.jar;C:\Program Files\Java\jdk1.8.0_151\jre\lib\rt.jar;C:\Program Files\Java\jdk1.8.0_151\jre\lib\sunrsasign.jar;C:\Program Files\Java\jdk1.8.0_151\jre\lib\jsse.jar;C:\Program Files\Java\jdk1.8.0_151\jre\lib\jce.jar;C:\Program Files\Java\jdk1.8.0_151\jre\lib\charsets.jar;C:\Program Files\Java\jdk1.8.0_151\jre\lib\jfr.jar;C:\Program Files\Java\jdk1.8.0_151\jre\classes"/>
    <property name="user.script" value=""/>
    <property name="sun.management.compiler" value="HotSpot 64-Bit Tiered Compilers"/>
    <property name="java.runtime.version" value="1.8.0_151-b12"/>
    <property name="user.name" value="710352"/>
    <property name="path.separator" value=";"/>
    <property name="os.version" value="10.0"/>
    <property name="java.endorsed.dirs" value="C:\Program Files\Java\jdk1.8.0_151\jre\lib\endorsed"/>
    <property name="java.runtime.name" value="Java(TM) SE Runtime Environment"/>
    <property name="file.encoding" value="Cp1252"/>
    <property name="java.vm.name" value="Java HotSpot(TM) 64-Bit Server VM"/>
    <property name="localRepository" value="C:\Users\710352\Desktop\kundan"/>
    <property name="java.vendor.url.bug" value="http://bugreport.sun.com/bugreport/"/>
    <property name="java.io.tmpdir" value="C:\Users\710352\AppData\Local\Temp\"/>
    <property name="java.version" value="1.8.0_151"/>
    <property name="user.dir" value="C:\Users\710352\Desktop\AWS\deploy-spring-boot-aws-eb\spring-boot-todo-rest-api-h2-aws-codepipeline"/>
    <property name="os.arch" value="amd64"/>
    <property name="java.vm.specification.name" value="Java Virtual Machine Specification"/>
    <property name="java.awt.printerjob" value="sun.awt.windows.WPrinterJob"/>
    <property name="sun.os.patch.level" value=""/>
    <property name="java.library.path" value="C:\Program Files\Java\jdk1.8.0_151\jre\bin;C:\WINDOWS\Sun\Java\bin;C:\WINDOWS\system32;C:\WINDOWS;C:/Program Files/Java/jre1.8.0_151/bin/server;C:/Program Files/Java/jre1.8.0_151/bin;C:/Program Files/Java/jre1.8.0_151/lib/amd64;C:\Program Files (x86)\Common Files\Oracle\Java\javapath;C:\WINDOWS\system32;C:\WINDOWS;C:\WINDOWS\System32\Wbem;C:\WINDOWS\System32\WindowsPowerShell\v1.0\;C:\ProgramData\WebEx\WebEx\Applications;C:\Program Files\Java\jdk-11.0.3\bin;C:\Program Files\nodejs\;C:\Users\710352\AppData\Local\Microsoft\WindowsApps;C:\Program Files\Java\jdk-11.0.3\bin;C:\Users\710352\AppData\Local\Programs\Microsoft VS Code\bin;C:\Users\710352\AppData\Roaming\npm;C:\Users\710352\AppData\Local\Programs\Git\cmd;C:\Users\710352\Desktop\spring-tool-suite-3.9.7.RELEASE-e4.10.0-win32-x86_64\sts-bundle\sts-3.9.7.RELEASE;;."/>
    <property name="java.vm.info" value="mixed mode"/>
    <property name="java.vendor" value="Oracle Corporation"/>
    <property name="java.vm.version" value="25.151-b12"/>
    <property name="java.ext.dirs" value="C:\Program Files\Java\jdk1.8.0_151\jre\lib\ext;C:\WINDOWS\Sun\Java\lib\ext"/>
    <property name="sun.io.unicode.encoding" value="UnicodeLittle"/>
    <property name="java.class.version" value="52.0"/>
  </properties>
  <testcase name="contextLoads" classname="com.in28minutes.rest.webservices.restfulwebservices.RestfulWebServicesApplicationTests" time="0.217"/>
</testsuite>